<?xml version="1.0" encoding="UTF-8"?>
<!-- Generated by org.testng.reporters.JUnitReportReporter -->
<testsuite hostname="LAPTOP-OF3FPRV8" failures="0" tests="4" name="testScripts.RegisterTest" time="7.986" errors="0" timestamp="2022-08-27T10:40:00 IST" skipped="0">
  <testcase classname="testScripts.RegisterTest" name="registerTestCase" time="1.945"/>
  <system-out/>
  <testcase classname="testScripts.RegisterTest" name="registerTestCase" time="1.984"/>
  <system-out/>
  <testcase classname="testScripts.RegisterTest" name="registerTestCase" time="1.906"/>
  <system-out/>
  <testcase classname="testScripts.RegisterTest" name="registerTestCase" time="2.151"/>
  <system-out/>
</testsuite> <!-- testScripts.RegisterTest -->
