<?xml version="1.0" encoding="UTF-8"?>
<!-- Generated by org.testng.reporters.JUnitReportReporter -->
<testsuite hostname="LAPTOP-OF3FPRV8" failures="0" tests="2" name="testScripts.LoginTest" time="1.303" errors="0" timestamp="2022-08-27T09:03:59 IST" skipped="0">
  <testcase classname="testScripts.LoginTest" name="testCase1" time="0.608"/>
  <system-out/>
  <testcase classname="testScripts.LoginTest" name="testCase1" time="0.695"/>
  <system-out/>
</testsuite> <!-- testScripts.LoginTest -->
